<?xml version="1.0" encoding="UTF-8"?>
<!-- Generated by org.testng.reporters.JUnitXMLReporter -->
<testsuite hostname="LAPTOP-B77MLISK" ignored="0" tests="1" failures="1" timestamp="2020-10-21T16:04:02 EEST" time="0.093" errors="0">
  <testcase name="Sum" time="0.0" classname="SampleTest">
    <failure type="org.testng.TestNGException" message="
Parameter &amp;apos;val1&amp;apos; is required by @Test on method Sum but has not been marked @Optional or defined
">
      <![CDATA[org.testng.TestNGException: 
Parameter 'val1' is required by @Test on method Sum but has not been marked @Optional or defined

at java.util.ArrayList.forEach(ArrayList.java:1249)
... Removed 35 stack frames]]>
    </failure>
  </testcase> <!-- Sum -->
</testsuite>
